<?xml version="1.0" encoding="UTF-8"?>
<testsuite xmlns:xsi="http://www.w3.org/2001/XMLSchema-instance" xsi:noNamespaceSchemaLocation="https://maven.apache.org/surefire/maven-surefire-plugin/xsd/surefire-test-report.xsd" version="3.0.2" name="com.yuzee.tokenlab.TokenBudgetMemoryManagerTest" time="0.076" tests="4" errors="0" skipped="0" failures="0">
  <properties>
[...]
</properties>
  <testcase name="testSlidingWindowTurnSafety" classname="com.yuzee.tokenlab.TokenBudgetMemoryManagerTest" time="0.022"/>
  <testcase name="testAdaptiveHybridBudgetEnforcement" classname="com.yuzee.tokenlab.TokenBudgetMemoryManagerTest" time="0.028"/>
  <testcase name="testAdaptiveHybridPersistsSummaryToConversation" classname="com.yuzee.tokenlab.TokenBudgetMemoryManagerTest" time="0.003"/>
  <testcase name="testSummaryRecentPersistsSummaryToConversation" classname="com.yuzee.tokenlab.TokenBudgetMemoryManagerTest" time="0.002"/>
</testsuite>